C51 COMPILER V9.54   BUZZER                                                                12/02/2025 12:12:31 PAGE 1   


C51 COMPILER V9.54, COMPILATION OF MODULE BUZZER
OBJECT MODULE PLACED IN .\Objects\Buzzer.obj
COMPILER INVOKED BY: D:\QRT-2\KEIL5\C51\BIN\C51.EXE Buzzer.c OPTIMIZE(8,SPEED) BROWSE DEBUG OBJECTEXTEND PRINT(.\Listing
                    -s\Buzzer.lst) TABS(2) OBJECT(.\Objects\Buzzer.obj)

line level    source

   1          #include <STC89C5xRC.H>
   2          #include "Delay.h"
   3          
   4          sbit Buzzer = P2^5;   //ä½å®šä¹‰åé¢è¦åŠ åˆ†å·(å¦åˆ™ä¼šæŠ¥é”™voidè¯­æ³•é”™è¯¯)ï¼Œdefineå®šä¹‰åé¢ä
             -¸ç”¨åŠ åˆ†å·
   5          
   6          /**
   7            * @brief èœ‚é¸£å™¨ä¸“ç”¨å»¶è¿Ÿå‡½æ•°ï¼Œ
   8            * @param æ— 
   9            * @retval æ— 
  10            */
  11          //
  12          void Delay500us() //@11.0592MHz
  13          {
  14   1        unsigned char data i;
  15   1      
  16   1        _nop_();
  17   1        i = 227;
  18   1        while (--i);
  19   1      }
  20          
  21          
  22          /**
  23            * @brief å®šåˆ¶èœ‚é¸£å™¨å‘å£°æ—¶é—´ï¼Œé¢‘ç‡1000Hz
  24            * @param ms æ¯«ç§’
  25            * @retval æ— 
  26            */
  27          //
  28          void Buzzer_Time(unsigned int ms)       //1000
  29          {
  30   1        unsigned int g_i; 
  31   1        for(g_i = 0;g_i < (ms*2);g_i++)         //ç¨‹åºè¿›å…¥æ­»å¾ªç¯ä¹‹åï¼Œæ‰§è¡Œå®Œæ­»å¾ªç¯ä¹‹å‰ä¸ä¼šå†
             -æ£€æµ‹æŒ‰é”®æ˜¯å¦é‡æ–°æŒ‰ä¸‹
  32   1        {                                    //åŒç†åç»­çš„æµç¨‹ä¹Ÿä¸ä¼šè¢«æå‰æ‰§è¡Œï¼Œè¿™æ˜¯æ­»å¾ªç¯éœ€
             -è¦é¢å¤–æ³¨æ„çš„éƒ¨åˆ†
  33   2          Buzzer = !Buzzer;             //åœ¨è¿™é‡Œä½¿ç”¨é€»è¾‘å…³ç³»ç¬¦ï¼å’Œä½¿ç”¨ä½è¿ç®—ç¬¦~æ˜¯ä¸€æ ·æ•ˆæœçš
             -„ï¼Œéƒ½å¯ä»¥åè½¬0å’Œ1
  34   2          Delay500us();
  35   2        }    
  36   1      }


MODULE INFORMATION:   STATIC OVERLAYABLE
   CODE SIZE        =     40    ----
   CONSTANT SIZE    =   ----    ----
   XDATA SIZE       =   ----    ----
   PDATA SIZE       =   ----    ----
   DATA SIZE        =   ----    ----
   IDATA SIZE       =   ----    ----
   BIT SIZE         =   ----    ----
END OF MODULE INFORMATION.


C51 COMPILATION COMPLETE.  0 WARNING(S),  0 ERROR(S)
