C51 COMPILER V9.54   NIXIE                                                                 12/02/2025 12:12:31 PAGE 1   


C51 COMPILER V9.54, COMPILATION OF MODULE NIXIE
OBJECT MODULE PLACED IN .\Objects\Nixie.obj
COMPILER INVOKED BY: D:\QRT-2\KEIL5\C51\BIN\C51.EXE Nixie.c OPTIMIZE(8,SPEED) BROWSE DEBUG OBJECTEXTEND PRINT(.\Listings
                    -\Nixie.lst) TABS(2) OBJECT(.\Objects\Nixie.obj)

line level    source

   1          #include <STC89C5xRC.H>
   2          #include "Delay.H"
   3          
   4          unsigned int NixieTable[] = {0x3F,0x06,0x5B,0x4F,0x66,0x6D,0x7D,0x07,0x7F,0x6F};
   5          
   6          void Nixie (unsigned int Location,Number)
   7          {
   8   1        switch (Location)
   9   1        {
  10   2          case 1:
  11   2            P22 = 1;P23 = 1;P24 = 1;break;
  12   2          case 2:
  13   2            P22 = 0;P23 = 1;P24 = 1;break;
  14   2          case 3:
  15   2            P22 = 1;P23 = 0;P24 = 1;break;
  16   2          case 4:
  17   2            P22 = 0;P23 = 0;P24 = 1;break;
  18   2          case 5:
  19   2            P22 = 1;P23 = 1;P24 = 0;break;
  20   2          case 6:
  21   2            P22 = 0;P23 = 1;P24 = 0;break;
  22   2          case 7:
  23   2            P22 = 1;P23 = 0;P24 = 0;break;
  24   2          case 8:
  25   2            P22 = 0;P23 = 0;P24 = 0;break;  
  26   2        }
  27   1        P0 = NixieTable[Number];
  28   1        Delay(1);
  29   1      //  P0 = 0x00;     //ä¸ºé˜²æ­¢ä½é€‰æ®µé€‰æ··ä¹±è€Œè®¾ç½®çš„æ¸…é›¶ï¼Œå¦‚æœåœ¨ä¸»ç¨‹åºè°ƒç”¨æ—¶éœ€å°†è¯¥å‡
             -½æ•°è®¾ç½®åœ¨å¾ªç¯å†…ä½¿ç”¨ï¼Œå¦‚æœä¸åœ¨å¾ªç¯å†…ä½¿ç”¨éœ€è¦å°†è¯¥è¡Œæ³¨é‡Šæ‰
  30   1      }


MODULE INFORMATION:   STATIC OVERLAYABLE
   CODE SIZE        =    111    ----
   CONSTANT SIZE    =   ----    ----
   XDATA SIZE       =   ----    ----
   PDATA SIZE       =   ----    ----
   DATA SIZE        =     20    ----
   IDATA SIZE       =   ----    ----
   BIT SIZE         =   ----    ----
END OF MODULE INFORMATION.


C51 COMPILATION COMPLETE.  0 WARNING(S),  0 ERROR(S)
