C51 COMPILER V9.54   TIMER0                                                                12/02/2025 12:12:32 PAGE 1   


C51 COMPILER V9.54, COMPILATION OF MODULE TIMER0
OBJECT MODULE PLACED IN .\Objects\Timer0.obj
COMPILER INVOKED BY: D:\QRT-2\KEIL5\C51\BIN\C51.EXE Timer0.c OPTIMIZE(8,SPEED) BROWSE DEBUG OBJECTEXTEND PRINT(.\Listing
                    -s\Timer0.lst) TABS(2) OBJECT(.\Objects\Timer0.obj)

line level    source

   1          #include <STC89C5xRC.H>
   2          
   3          void Timer0_Init()         //Êã¨Âè∑ÂÜÖÁöÑvoidÂèØÂÜôÂèØ‰∏çÂÜôÔºåÂÜô‰ª£Ë°®‰∏çÈúÄË¶ÅÂèÇÊï∞Ôºå‰∏çÂÜô‰ª£Ë°®ÂèØÂ
             -èòÈïøÂ∫¶ÂèÇÊï∞
   4          {
   5   1        //TMOD = 0x01;              //ÈÄâÊã©‰∏∫ÂÆöÊó∂Âô®0ÔºåÂ∑•‰ΩúÊ®°Âºè‰∏∫01Ôºõ
   6   1        TMOD = TMOD & 0xF0;          //ÊääTMODÁöÑ‰ΩéÂõõ‰ΩçÊ∏ÖÈõ∂ÔºåÈ´òÂõõ‰Ωç‰øùÊåÅ‰∏çÂèòÔºõ                     
             -  1010 0011 & 1111 0000 = 1010 0000                   
   7   1        TMOD = TMOD | 0x01;          //ÊääTMODÁöÑÊúÄ‰Ωé‰ΩçÁΩÆ1ÔºåÈ´òÂõõ‰Ωç‰øùÊåÅ‰∏çÂèòÔºõÂèØÁÆÄÂåñ‰∏∫TMOD| = 0x0
             -1;   1010 0000 | 0000 0001 = 1010 0001
   8   1        //ÈÄªËæëÊàñ||Áî®‰∫éÊù°‰ª∂Âà§Êñ≠(Â∏ÉÂ∞îÈÄªËæëËøêÁÆó)ÔºåÂΩìÊúâ‰ªª‰∏ÄÊù°‰ª∂‰∏∫ÁúüÂàôÁªìÊûú‰∏∫Áúü,Âè™ËÄÉËôëÁ¨
             -¨‰∏Ä‰∏™Êù°‰ª∂ÊòØÂê¶ÁúüÂÅáÔºå‰∏çËÄÉËôëÂêéÁª≠Êù°‰ª∂Ôºõ
   9   1        //Êåâ‰ΩçÊàñ|‰∏ªË¶ÅÁî®‰∫éÂØπ‰ΩçÊìç‰ΩúÔºåÊØè‰∏Ä‰ΩçËøõË°åÊØîËæÉÔºåÂ¶ÇÊûúÂØπÂ∫î‰Ωç‰∏∫1ÂàôËØ•‰Ωç‰∏∫1Ôºõ‰æã5|3(
             -0101|0011) = 7(0111)Ôºõ
  10   1        TF0 = 0;                 //Ëøô‰∏§Ë°åÈÉΩÊòØÂØπTCONÁöÑ‰ΩçËøõË°åÊìç‰Ωú
  11   1        TR0 = 1;               //‰Ωø‰∏≠Êñ≠Ê†áËØÜ‰ΩçÁΩÆ0ÔºåÂêØÂä®ÂÆöÊó∂Âô®0Ôºõ
  12   1        TH0 = 0x66;    //ÁªôÂÆöÊó∂Âô®ËµãÂàùÂÄºÔºåÂÆöÊó∂1ms
  13   1        TL0 = 0xFC;    //; 
  14   1        ET0 = 1;                 //ÊâìÂºÄÂÆöÊó∂Âô®0‰∏≠Êñ≠ÂÖÅËÆ∏
  15   1        EA = 1;                 //ÊâìÂºÄÊÄª‰∏≠Êñ≠
  16   1      } 
  17            
  18          /*      ‰∏≠Êñ≠Ê®°Êùø
  19          
  20          void time0_Routine() interrupt 1  
  21          {                                
  22            static unsigned int timecounter;   
  23            timecounter++;                      
  24            TH0 = 64536 / 256;                   
  25            TL0 = 64536 % 256;
  26            if (timecounter >= 1000)
  27            {
  28              timecounter = 0;
  29                    
  30            }                    
  31          } 
  32          
  33          
  34          /*
  35           * @brief ÂÆöÊó∂Âô®0ÂàùÂßãÂåñÔºå1ÊØ´Áßí@11.0592MHZ
  36           * @param Êó†
  37           * @retval Êó†
  38           */
  39          //ºÚΩÈ ≤Œ ˝ ∑µªÿ÷µ*/


MODULE INFORMATION:   STATIC OVERLAYABLE
   CODE SIZE        =     21    ----
   CONSTANT SIZE    =   ----    ----
   XDATA SIZE       =   ----    ----
   PDATA SIZE       =   ----    ----
   DATA SIZE        =   ----    ----
   IDATA SIZE       =   ----    ----
   BIT SIZE         =   ----    ----
C51 COMPILER V9.54   TIMER0                                                                12/02/2025 12:12:32 PAGE 2   

END OF MODULE INFORMATION.


C51 COMPILATION COMPLETE.  0 WARNING(S),  0 ERROR(S)
